<?xml version="1.0" encoding="UTF-8"?>
<!-- Generated by org.testng.reporters.JUnitXMLReporter -->
<testsuite ignored="0" hostname="Sarthaks-MacBook-Air-1482.local" failures="0" tests="2" name="VerifyMobileTitle" time="0.012" errors="0" timestamp="2021-02-07T02:49:02 GMT">
  <testcase classname="com.guru99.testcases.ClickOnMobile" name="clickOnMobile" time="0.002"/>
  <testcase classname="com.guru99.testcases.VerifyTitleMobile" name="verifyMobileTitle" time="0.004"/>
</testsuite> <!-- VerifyMobileTitle -->
