<?xml version="1.0" encoding="UTF-8"?>
<testsuite xmlns:xsi="http://www.w3.org/2001/XMLSchema-instance" xsi:noNamespaceSchemaLocation="https://maven.apache.org/surefire/maven-surefire-plugin/xsd/surefire-test-report-3.0.xsd" version="3.0" name="TestSuite" time="17.806" tests="3" errors="0" skipped="1" failures="1">
  <properties>
[...]
</properties>
  <testcase name="clickOnMobile" classname="com.guru99.testcases.ClickOnMobile" time="1.012">
    <system-out><![CDATA[Inside Before Suite
Inside Test 1
Inside goToMobile function
Page Title from goToMobile method Mobile
]]></system-out>
    <system-err><![CDATA[SLF4J: Failed to load class "org.slf4j.impl.StaticLoggerBinder".
SLF4J: Defaulting to no-operation (NOP) logger implementation
SLF4J: See http://www.slf4j.org/codes.html#StaticLoggerBinder for further details.
Starting ChromeDriver 88.0.4324.96 (68dba2d8a0b149a1d3afac56fa74648032bcf46b-refs/branch-heads/4324@{#1784}) on port 12287
Only local connections are allowed.
Please see https://chromedriver.chromium.org/security-considerations for suggestions on keeping ChromeDriver safe.
ChromeDriver was started successfully.
Feb 07, 2021 7:59:45 PM org.openqa.selenium.remote.ProtocolHandshake createSession
INFO: Detected dialect: W3C
]]></system-err>
  </testcase>
  <testcase name="clickOnMobile" classname="com.guru99.testcases.VerifyTitleMobile" time="10.049">
    <failure message="no such element: Unable to locate element: {&quot;method&quot;:&quot;xpath&quot;,&quot;selector&quot;:&quot;//li[@class = &apos;level0 nav-1 first&apos;]/a&quot;}&#10;  (Session info: chrome=88.0.4324.150)&#10;For documentation on this error, please visit: https://www.seleniumhq.org/exceptions/no_such_element.html&#10;Build info: version: &apos;3.141.59&apos;, revision: &apos;e82be7d358&apos;, time: &apos;2018-11-14T08:17:03&apos;&#10;System info: host: &apos;Sarthaks-MacBook-Air-1482.local&apos;, ip: &apos;fe80:0:0:0:cb0:65cb:45cc:78aa%en0&apos;, os.name: &apos;Mac OS X&apos;, os.arch: &apos;x86_64&apos;, os.version: &apos;10.13.3&apos;, java.version: &apos;15.0.2&apos;&#10;Driver info: org.openqa.selenium.chrome.ChromeDriver&#10;Capabilities {acceptInsecureCerts: false, browserName: chrome, browserVersion: 88.0.4324.150, chrome: {chromedriverVersion: 88.0.4324.96 (68dba2d8a0b14..., userDataDir: /var/folders/s1/q1cty8114bs...}, goog:chromeOptions: {debuggerAddress: localhost:61065}, javascriptEnabled: true, networkConnectionEnabled: false, pageLoadStrategy: normal, platform: MAC, platformName: MAC, proxy: Proxy(), setWindowRect: true, strictFileInteractability: false, timeouts: {implicit: 0, pageLoad: 300000, script: 30000}, unhandledPromptBehavior: dismiss and notify, webauthn:extension:largeBlob: true, webauthn:virtualAuthenticators: true}&#10;Session ID: cc55109166c9b0db6b352557e803c7ab&#10;*** Element info: {Using=xpath, value=//li[@class = &apos;level0 nav-1 first&apos;]/a}" type="org.openqa.selenium.NoSuchElementException"><![CDATA[org.openqa.selenium.NoSuchElementException: 
no such element: Unable to locate element: {"method":"xpath","selector":"//li[@class = 'level0 nav-1 first']/a"}
  (Session info: chrome=88.0.4324.150)
For documentation on this error, please visit: https://www.seleniumhq.org/exceptions/no_such_element.html
Build info: version: '3.141.59', revision: 'e82be7d358', time: '2018-11-14T08:17:03'
System info: host: 'Sarthaks-MacBook-Air-1482.local', ip: 'fe80:0:0:0:cb0:65cb:45cc:78aa%en0', os.name: 'Mac OS X', os.arch: 'x86_64', os.version: '10.13.3', java.version: '15.0.2'
Driver info: org.openqa.selenium.chrome.ChromeDriver
Capabilities {acceptInsecureCerts: false, browserName: chrome, browserVersion: 88.0.4324.150, chrome: {chromedriverVersion: 88.0.4324.96 (68dba2d8a0b14..., userDataDir: /var/folders/s1/q1cty8114bs...}, goog:chromeOptions: {debuggerAddress: localhost:61065}, javascriptEnabled: true, networkConnectionEnabled: false, pageLoadStrategy: normal, platform: MAC, platformName: MAC, proxy: Proxy(), setWindowRect: true, strictFileInteractability: false, timeouts: {implicit: 0, pageLoad: 300000, script: 30000}, unhandledPromptBehavior: dismiss and notify, webauthn:extension:largeBlob: true, webauthn:virtualAuthenticators: true}
Session ID: cc55109166c9b0db6b352557e803c7ab
*** Element info: {Using=xpath, value=//li[@class = 'level0 nav-1 first']/a}
]]></failure>
    <system-out><![CDATA[Inside Test 1
Inside goToMobile function
]]></system-out>
  </testcase>
  <testcase name="verifyMobileTitle" classname="com.guru99.testcases.VerifyTitleMobile" time="0">
    <skipped message="Method VerifyTitleMobile.verifyMobileTitle()[pri:2, instance:com.guru99.testcases.VerifyTitleMobile@568bf312] depends on not successfully finished methods"/>
  </testcase>
</testsuite>