<?xml version="1.0" encoding="UTF-8"?>
<testng-results ignored="0" total="3" passed="1" failed="1" skipped="1">
  <reporter-output>
  </reporter-output>
  <suite started-at="2021-02-08T03:16:55 GMT" name="Suite" finished-at="2021-02-08T03:17:02 GMT" duration-ms="7830">
    <groups>
    </groups>
    <test started-at="2021-02-08T03:16:55 GMT" name="ClickOnMobile" finished-at="2021-02-08T03:17:02 GMT" duration-ms="7554">
      <class name="com.guru99.testcases.ClickOnMobile">
        <test-method is-config="true" signature="setUp()[pri:0, instance:com.guru99.testcases.ClickOnMobile@78b729e6]" started-at="2021-02-08T03:16:55 GMT" name="setUp" finished-at="2021-02-08T03:17:01 GMT" duration-ms="6312" status="PASS">
          <reporter-output>
          </reporter-output>
        </test-method> <!-- setUp -->
        <test-method signature="clickOnMobile()[pri:1, instance:com.guru99.testcases.ClickOnMobile@78b729e6]" started-at="2021-02-08T03:17:01 GMT" name="clickOnMobile" finished-at="2021-02-08T03:17:02 GMT" duration-ms="913" status="PASS">
          <reporter-output>
          </reporter-output>
        </test-method> <!-- clickOnMobile -->
        <test-method is-config="true" signature="tearDown()[pri:0, instance:com.guru99.testcases.ClickOnMobile@78b729e6]" started-at="2021-02-08T03:17:02 GMT" name="tearDown" finished-at="2021-02-08T03:17:02 GMT" duration-ms="245" status="PASS">
          <reporter-output>
          </reporter-output>
        </test-method> <!-- tearDown -->
      </class> <!-- com.guru99.testcases.ClickOnMobile -->
    </test> <!-- ClickOnMobile -->
    <test started-at="2021-02-08T03:17:02 GMT" name="VerifyMobileTitle" finished-at="2021-02-08T03:17:02 GMT" duration-ms="33">
      <class name="com.guru99.testcases.VerifyTitleMobile">
        <test-method is-config="true" signature="setUp()[pri:0, instance:com.guru99.testcases.VerifyTitleMobile@45018215]" started-at="2021-02-08T03:17:02 GMT" name="setUp" finished-at="2021-02-08T03:17:02 GMT" duration-ms="1" status="PASS">
          <reporter-output>
          </reporter-output>
        </test-method> <!-- setUp -->
        <test-method signature="clickOnMobile()[pri:1, instance:com.guru99.testcases.VerifyTitleMobile@45018215]" started-at="2021-02-08T03:17:02 GMT" name="clickOnMobile" finished-at="2021-02-08T03:17:02 GMT" duration-ms="17" status="FAIL">
          <exception class="org.openqa.selenium.NoSuchSessionException">
            <message>
              <![CDATA[Session ID is null. Using WebDriver after calling quit()?
Build info: version: '3.141.59', revision: 'e82be7d358', time: '2018-11-14T08:17:03'
System info: host: 'Sarthaks-MacBook-Air-1482.local', ip: 'fe80:0:0:0:cb0:65cb:45cc:78aa%en0', os.name: 'Mac OS X', os.arch: 'x86_64', os.version: '10.13.3', java.version: '15.0.2'
Driver info: driver.version: RemoteWebDriver]]>
            </message>
            <full-stacktrace>
              <![CDATA[org.openqa.selenium.NoSuchSessionException: Session ID is null. Using WebDriver after calling quit()?
Build info: version: '3.141.59', revision: 'e82be7d358', time: '2018-11-14T08:17:03'
System info: host: 'Sarthaks-MacBook-Air-1482.local', ip: 'fe80:0:0:0:cb0:65cb:45cc:78aa%en0', os.name: 'Mac OS X', os.arch: 'x86_64', os.version: '10.13.3', java.version: '15.0.2'
Driver info: driver.version: RemoteWebDriver
at org.openqa.selenium.remote.HttpCommandExecutor.execute(HttpCommandExecutor.java:125)
at org.openqa.selenium.remote.service.DriverCommandExecutor.execute(DriverCommandExecutor.java:83)
at org.openqa.selenium.remote.RemoteWebDriver.execute(RemoteWebDriver.java:552)
at org.openqa.selenium.remote.RemoteWebDriver.findElement(RemoteWebDriver.java:323)
at org.openqa.selenium.remote.RemoteWebDriver.findElementByXPath(RemoteWebDriver.java:428)
at org.openqa.selenium.By$ByXPath.findElement(By.java:353)
at org.openqa.selenium.remote.RemoteWebDriver.findElement(RemoteWebDriver.java:315)
at com.guru99.pages.HomePage.goToMobile(HomePage.java:14)
at com.guru99.testcases.ClickOnMobile.clickOnMobile(ClickOnMobile.java:16)
at java.base/jdk.internal.reflect.NativeMethodAccessorImpl.invoke0(Native Method)
at java.base/jdk.internal.reflect.NativeMethodAccessorImpl.invoke(NativeMethodAccessorImpl.java:64)
at java.base/jdk.internal.reflect.DelegatingMethodAccessorImpl.invoke(DelegatingMethodAccessorImpl.java:43)
at java.base/java.lang.reflect.Method.invoke(Method.java:564)
at org.testng.internal.MethodInvocationHelper.invokeMethod(MethodInvocationHelper.java:132)
at org.testng.internal.TestInvoker.invokeMethod(TestInvoker.java:599)
at org.testng.internal.TestInvoker.invokeTestMethod(TestInvoker.java:174)
at org.testng.internal.MethodRunner.runInSequence(MethodRunner.java:46)
at org.testng.internal.TestInvoker$MethodInvocationAgent.invoke(TestInvoker.java:822)
at org.testng.internal.TestInvoker.invokeTestMethods(TestInvoker.java:147)
at org.testng.internal.TestMethodWorker.invokeTestMethods(TestMethodWorker.java:146)
at org.testng.internal.TestMethodWorker.run(TestMethodWorker.java:128)
at java.base/java.util.ArrayList.forEach(ArrayList.java:1511)
at org.testng.TestRunner.privateRun(TestRunner.java:764)
at org.testng.TestRunner.run(TestRunner.java:585)
at org.testng.SuiteRunner.runTest(SuiteRunner.java:384)
at org.testng.SuiteRunner.runSequentially(SuiteRunner.java:378)
at org.testng.SuiteRunner.privateRun(SuiteRunner.java:337)
at org.testng.SuiteRunner.run(SuiteRunner.java:286)
at org.testng.SuiteRunnerWorker.runSuite(SuiteRunnerWorker.java:53)
at org.testng.SuiteRunnerWorker.run(SuiteRunnerWorker.java:96)
at org.testng.TestNG.runSuitesSequentially(TestNG.java:1218)
at org.testng.TestNG.runSuitesLocally(TestNG.java:1140)
at org.testng.TestNG.runSuites(TestNG.java:1069)
at org.testng.TestNG.run(TestNG.java:1037)
at org.testng.remote.AbstractRemoteTestNG.run(AbstractRemoteTestNG.java:115)
at org.testng.remote.RemoteTestNG.initAndRun(RemoteTestNG.java:251)
at org.testng.remote.RemoteTestNG.main(RemoteTestNG.java:77)
]]>
            </full-stacktrace>
          </exception> <!-- org.openqa.selenium.NoSuchSessionException -->
          <reporter-output>
          </reporter-output>
        </test-method> <!-- clickOnMobile -->
        <test-method signature="verifyMobileTitle()[pri:2, instance:com.guru99.testcases.VerifyTitleMobile@45018215]" started-at="2021-02-08T03:17:02 GMT" name="verifyMobileTitle" finished-at="2021-02-08T03:17:02 GMT" depends-on-methods="com.guru99.testcases.ClickOnMobile.clickOnMobile" duration-ms="1" status="SKIP">
          <exception class="java.lang.Throwable">
            <message>
              <![CDATA[Method VerifyTitleMobile.verifyMobileTitle()[pri:2, instance:com.guru99.testcases.VerifyTitleMobile@45018215] depends on not successfully finished methods]]>
            </message>
            <full-stacktrace>
              <![CDATA[java.lang.Throwable: Method VerifyTitleMobile.verifyMobileTitle()[pri:2, instance:com.guru99.testcases.VerifyTitleMobile@45018215] depends on not successfully finished methods
at org.testng.internal.TestInvoker.invokeTestMethods(TestInvoker.java:102)
at org.testng.internal.TestMethodWorker.invokeTestMethods(TestMethodWorker.java:146)
at org.testng.internal.TestMethodWorker.run(TestMethodWorker.java:128)
at java.base/java.util.ArrayList.forEach(ArrayList.java:1511)
at org.testng.TestRunner.privateRun(TestRunner.java:764)
at org.testng.TestRunner.run(TestRunner.java:585)
at org.testng.SuiteRunner.runTest(SuiteRunner.java:384)
at org.testng.SuiteRunner.runSequentially(SuiteRunner.java:378)
at org.testng.SuiteRunner.privateRun(SuiteRunner.java:337)
at org.testng.SuiteRunner.run(SuiteRunner.java:286)
at org.testng.SuiteRunnerWorker.runSuite(SuiteRunnerWorker.java:53)
at org.testng.SuiteRunnerWorker.run(SuiteRunnerWorker.java:96)
at org.testng.TestNG.runSuitesSequentially(TestNG.java:1218)
at org.testng.TestNG.runSuitesLocally(TestNG.java:1140)
at org.testng.TestNG.runSuites(TestNG.java:1069)
at org.testng.TestNG.run(TestNG.java:1037)
at org.testng.remote.AbstractRemoteTestNG.run(AbstractRemoteTestNG.java:115)
at org.testng.remote.RemoteTestNG.initAndRun(RemoteTestNG.java:251)
at org.testng.remote.RemoteTestNG.main(RemoteTestNG.java:77)
]]>
            </full-stacktrace>
          </exception> <!-- java.lang.Throwable -->
          <reporter-output>
          </reporter-output>
        </test-method> <!-- verifyMobileTitle -->
        <test-method is-config="true" signature="tearDown()[pri:0, instance:com.guru99.testcases.VerifyTitleMobile@45018215]" started-at="2021-02-08T03:17:02 GMT" name="tearDown" finished-at="2021-02-08T03:17:02 GMT" duration-ms="0" status="PASS">
          <reporter-output>
          </reporter-output>
        </test-method> <!-- tearDown -->
      </class> <!-- com.guru99.testcases.VerifyTitleMobile -->
    </test> <!-- VerifyMobileTitle -->
  </suite> <!-- Suite -->
</testng-results>
