<?xml version="1.0" encoding="UTF-8"?>
<testng-results ignored="0" total="2" passed="2" failed="0" skipped="0">
  <reporter-output>
  </reporter-output>
  <suite started-at="2021-02-07T02:52:23 GMT" name="Default suite" finished-at="2021-02-07T02:52:24 GMT" duration-ms="1094">
    <groups>
    </groups>
    <test started-at="2021-02-07T02:52:23 GMT" name="Default test" finished-at="2021-02-07T02:52:24 GMT" duration-ms="1094">
      <class name="com.guru99.testcases.VerifyTitleMobile">
        <test-method is-config="true" signature="setUp()[pri:0, instance:com.guru99.testcases.VerifyTitleMobile@27c86f2d]" started-at="2021-02-07T02:52:16 GMT" name="setUp" finished-at="2021-02-07T02:52:23 GMT" duration-ms="6650" status="PASS">
          <reporter-output>
          </reporter-output>
        </test-method> <!-- setUp -->
        <test-method signature="clickOnMobile()[pri:1, instance:com.guru99.testcases.VerifyTitleMobile@27c86f2d]" started-at="2021-02-07T02:52:23 GMT" name="clickOnMobile" finished-at="2021-02-07T02:52:24 GMT" duration-ms="909" status="PASS">
          <reporter-output>
          </reporter-output>
        </test-method> <!-- clickOnMobile -->
        <test-method signature="verifyMobileTitle()[pri:2, instance:com.guru99.testcases.VerifyTitleMobile@27c86f2d]" started-at="2021-02-07T02:52:24 GMT" name="verifyMobileTitle" finished-at="2021-02-07T02:52:24 GMT" duration-ms="113" status="PASS">
          <reporter-output>
          </reporter-output>
        </test-method> <!-- verifyMobileTitle -->
        <test-method is-config="true" signature="tearDown()[pri:0, instance:com.guru99.testcases.VerifyTitleMobile@27c86f2d]" started-at="2021-02-07T02:52:24 GMT" name="tearDown" finished-at="2021-02-07T02:52:25 GMT" duration-ms="285" status="PASS">
          <reporter-output>
          </reporter-output>
        </test-method> <!-- tearDown -->
      </class> <!-- com.guru99.testcases.VerifyTitleMobile -->
    </test> <!-- Default test -->
  </suite> <!-- Default suite -->
</testng-results>
